<?xml version="1.0" encoding="UTF-8"?>
<!-- Generated by org.testng.reporters.JUnitReportReporter -->
<testsuite skipped="0" hostname="DESKTOP-UCM99CO" name="com.sauceDemo.TestClasses.TC07Checkout1Functionality" tests="1" failures="0" timestamp="2022-04-15T14:21:20 IST" time="4.088" errors="0">
  <testcase name="Checkout1Functionality" time="4.088" classname="com.sauceDemo.TestClasses.TC07Checkout1Functionality"/>
  <system-out/>
</testsuite> <!-- com.sauceDemo.TestClasses.TC07Checkout1Functionality -->
