<?xml version="1.0" encoding="UTF-8"?>
<!-- Generated by org.testng.reporters.JUnitReportReporter -->
<testsuite skipped="0" hostname="DESKTOP-UCM99CO" name="com.sauceDemo.TestClasses.Tc02SelectFunctionality" tests="1" failures="0" timestamp="2022-04-15T14:21:20 IST" time="0.924" errors="0">
  <testcase name="SelectFunctionality" time="0.924" classname="com.sauceDemo.TestClasses.Tc02SelectFunctionality"/>
  <system-out/>
</testsuite> <!-- com.sauceDemo.TestClasses.Tc02SelectFunctionality -->
