<?xml version="1.0" encoding="UTF-8"?>
<!-- Generated by org.testng.reporters.JUnitReportReporter -->
<testsuite skipped="0" hostname="DESKTOP-UCM99CO" name="com.sauceDemo.TestClasses.TC05FilterFunctionality" tests="1" failures="0" timestamp="2022-04-15T14:21:20 IST" time="3.558" errors="0">
  <testcase name="FilterFunctionality" time="3.558" classname="com.sauceDemo.TestClasses.TC05FilterFunctionality"/>
  <system-out/>
</testsuite> <!-- com.sauceDemo.TestClasses.TC05FilterFunctionality -->
