<?xml version="1.0" encoding="UTF-8"?>
<!-- Generated by org.testng.reporters.JUnitReportReporter -->
<testsuite skipped="0" hostname="DESKTOP-UCM99CO" name="com.sauceDemo.TestClasses.TC01loginFunctionality" tests="1" failures="0" timestamp="2022-04-15T14:21:20 IST" time="4.435" errors="0">
  <testcase name="LogInFunctionality" time="4.435" classname="com.sauceDemo.TestClasses.TC01loginFunctionality"/>
  <system-out/>
</testsuite> <!-- com.sauceDemo.TestClasses.TC01loginFunctionality -->
