<?xml version="1.0" encoding="UTF-8"?>
<!-- Generated by org.testng.reporters.JUnitReportReporter -->
<testsuite skipped="0" hostname="DESKTOP-UCM99CO" name="com.sauceDemo.TestClasses.TC05FilterFunctionality" tests="1" failures="0" timestamp="2022-04-29T16:50:51 IST" time="5.278" errors="0">
  <testcase name="FilterFunctionality" time="5.278" classname="com.sauceDemo.TestClasses.TC05FilterFunctionality"/>
  <system-out/>
</testsuite> <!-- com.sauceDemo.TestClasses.TC05FilterFunctionality -->
