<?xml version="1.0" encoding="UTF-8"?>
<!-- Generated by org.testng.reporters.JUnitReportReporter -->
<testsuite skipped="0" hostname="DESKTOP-UCM99CO" name="com.sauceDemo.TestClasses.Tc02SelectFunctionality" tests="1" failures="0" timestamp="2022-04-29T16:50:51 IST" time="1.184" errors="0">
  <testcase name="SelectFunctionality" time="1.184" classname="com.sauceDemo.TestClasses.Tc02SelectFunctionality"/>
  <system-out/>
</testsuite> <!-- com.sauceDemo.TestClasses.Tc02SelectFunctionality -->
