<?xml version="1.0" encoding="UTF-8"?>
<!-- Generated by org.testng.reporters.JUnitReportReporter -->
<testsuite skipped="0" hostname="DESKTOP-UCM99CO" name="com.sauceDemo.TestClasses.TC06CartContainerClick" tests="1" failures="0" timestamp="2022-04-29T16:50:51 IST" time="5.283" errors="0">
  <testcase name="CartContainerClick" time="5.283" classname="com.sauceDemo.TestClasses.TC06CartContainerClick"/>
  <system-out/>
</testsuite> <!-- com.sauceDemo.TestClasses.TC06CartContainerClick -->
